\BOOKMARK [1][-]{section.1}{\376\377\000E\000i\000n\000l\000e\000i\000t\000u\000n\000g}{}% 1
\BOOKMARK [2][-]{subsection.1.1}{\376\377\000K\000u\000r\000z\000z\000u\000s\000a\000m\000m\000e\000n\000f\000a\000s\000s\000u\000n\000g}{section.1}% 2
\BOOKMARK [2][-]{subsection.1.2}{\376\377\000A\000b\000s\000t\000r\000a\000c\000t}{section.1}% 3
\BOOKMARK [1][-]{section.2}{\376\377\000P\000r\000o\000j\000e\000k\000t\000m\000a\000n\000a\000g\000e\000m\000e\000n\000t}{}% 4
\BOOKMARK [2][-]{subsection.2.1}{\376\377\000P\000r\000o\000j\000e\000k\000t\000t\000e\000a\000m}{section.2}% 5
\BOOKMARK [2][-]{subsection.2.2}{\376\377\000P\000r\000o\000j\000e\000k\000t\000s\000t\000r\000u\000k\000t\000u\000r\000p\000l\000a\000n}{section.2}% 6
\BOOKMARK [2][-]{subsection.2.3}{\376\377\000M\000e\000i\000l\000e\000n\000s\000t\000e\000i\000n\000e}{section.2}% 7
\BOOKMARK [2][-]{subsection.2.4}{\376\377\000K\000o\000s\000t\000e\000n\000a\000u\000f\000s\000t\000e\000l\000l\000u\000n\000g}{section.2}% 8
\BOOKMARK [1][-]{section.3}{\376\377\000A\000n\000t\000r\000i\000e\000b}{}% 9
\BOOKMARK [2][-]{subsection.3.1}{\376\377\000M\000o\000t\000o\000r\000e\000n}{section.3}% 10
\BOOKMARK [2][-]{subsection.3.2}{\376\377\000M\000o\000t\000o\000r\000e\000n\000t\000r\000e\000i\000b\000e\000r}{section.3}% 11
\BOOKMARK [2][-]{subsection.3.3}{\376\377\000S\000c\000h\000a\000l\000t\000u\000n\000g\000s\000a\000u\000f\000b\000a\000u}{section.3}% 12
\BOOKMARK [2][-]{subsection.3.4}{\376\377\000C\000o\000d\000e}{section.3}% 13
\BOOKMARK [1][-]{section.4}{\376\377\000W\000e\000b\000s\000e\000r\000v\000e\000r}{}% 14
\BOOKMARK [1][-]{section.5}{\376\377\000G\000e\000h\000\344\000u\000s\000e}{}% 15
\BOOKMARK [2][-]{subsection.5.1}{\376\377\000P\000l\000a\000n\000u\000n\000g\000\040\000u\000n\000d\000\040\000D\000e\000s\000i\000g\000n}{section.5}% 16
\BOOKMARK [2][-]{subsection.5.2}{\376\377\000R\000e\000a\000l\000i\000s\000i\000e\000r\000u\000n\000g}{section.5}% 17
\BOOKMARK [2][-]{subsection.5.3}{\376\377\000M\000a\000t\000e\000r\000i\000a\000l\000l\000i\000s\000t\000e}{section.5}% 18
\BOOKMARK [1][-]{section.6}{\376\377\000P\000l\000a\000t\000i\000n\000e}{}% 19
\BOOKMARK [2][-]{subsection.6.1}{\376\377\000G\000r\000u\000n\000d\000s\000c\000h\000a\000l\000t\000u\000n\000g}{section.6}% 20
\BOOKMARK [2][-]{subsection.6.2}{\376\377\000C\000i\000r\000c\000u\000i\000t\000\040\000B\000o\000a\000r\000d}{section.6}% 21
\BOOKMARK [2][-]{subsection.6.3}{\376\377\000F\000e\000r\000t\000i\000g\000e\000r\000\040\000P\000r\000o\000t\000o\000t\000y\000p}{section.6}% 22
\BOOKMARK [1][-]{section.7}{\376\377\000G\000e\000w\000i\000c\000h\000t\000s\000m\000e\000s\000s\000u\000n\000g}{}% 23
\BOOKMARK [2][-]{subsection.7.1}{\376\377\000G\000r\000u\000n\000d\000p\000r\000i\000n\000z\000i\000p}{section.7}% 24
\BOOKMARK [2][-]{subsection.7.2}{\376\377\000S\000c\000h\000a\000l\000t\000u\000n\000g\000s\000a\000u\000f\000b\000a\000u}{section.7}% 25
\BOOKMARK [2][-]{subsection.7.3}{\376\377\000C\000o\000d\000e}{section.7}% 26
\BOOKMARK [1][-]{section.8}{\376\377\000K\000a\000m\000e\000r\000a}{}% 27
\BOOKMARK [2][-]{subsection.8.1}{\376\377\000K\000a\000m\000e\000r\000a\000\040\000i\000m\000\040\000\334\000b\000e\000r\000b\000l\000i\000c\000k}{section.8}% 28
\BOOKMARK [2][-]{subsection.8.2}{\376\377\000V\000i\000d\000e\000o\000\374\000b\000e\000r\000t\000r\000a\000g\000u\000n\000g}{section.8}% 29
\BOOKMARK [2][-]{subsection.8.3}{\376\377\000K\000a\000m\000e\000r\000a\000s\000c\000h\000w\000e\000n\000k\000u\000n\000g}{section.8}% 30
\BOOKMARK [3][-]{subsubsection.8.3.1}{\376\377\000s\000a\000d\000a\000s\000d}{subsection.8.3}% 31
\BOOKMARK [2][-]{subsection.8.4}{\376\377\000C\000o\000d\000e}{section.8}% 32
\BOOKMARK [1][-]{section.9}{\376\377\000S\000e\000n\000s\000o\000r\000e\000n}{}% 33
\BOOKMARK [1][-]{section.10}{\376\377\000E\000n\000t\000w\000i\000c\000k\000l\000u\000n\000g\000s\000t\000o\000o\000l\000s}{}% 34
\BOOKMARK [1][-]{section.11}{\376\377\000A\000b\000b\000i\000l\000d\000u\000n\000g\000s\000v\000e\000r\000z\000e\000i\000c\000h\000n\000i\000s}{}% 35
\BOOKMARK [1][-]{section.12}{\376\377\000L\000i\000t\000e\000r\000a\000t\000u\000r\000v\000e\000r\000z\000e\000i\000c\000h\000n\000i\000s}{}% 36
